# JRE version: Java(TM) SE Runtime Environment (8.0_181-b13) (build 1.8.0_181-b13)
# Java VM: Java HotSpot(TM) 64-Bit Server VM (25.181-b13 mixed mode windows-amd64 compressed oops)
Heap:
 PSYoungGen      total 254976K, used 85104K [0x00000000d5d00000, 0x00000000e7480000, 0x0000000100000000)
  eden space 238080K, 31% used [0x00000000d5d00000,0x00000000da72a0a8,0x00000000e4580000)
  from space 16896K, 54% used [0x00000000e6400000,0x00000000e6cf21c0,0x00000000e7480000)
  to   space 24064K, 0% used [0x00000000e4580000,0x00000000e4580000,0x00000000e5d00000)
 ParOldGen       total 105472K, used 36807K [0x0000000081600000, 0x0000000087d00000, 0x00000000d5d00000)
  object space 105472K, 34% used [0x0000000081600000,0x00000000839f1cf8,0x0000000087d00000)
 Metaspace       used 44545K, capacity 45318K, committed 45864K, reserved 1089536K
  class space    used 5185K, capacity 5371K, committed 5424K, reserved 1048576K
GC Heap History (10 events):
Event: 24.655 GC heap before
{Heap before GC invocations=18 (full 1):
 PSYoungGen      total 156672K, used 156664K [0x00000000d5d00000, 0x00000000e0d80000, 0x0000000100000000)
  eden space 140800K, 100% used [0x00000000d5d00000,0x00000000de680000,0x00000000de680000)
  from space 15872K, 99% used [0x00000000df900000,0x00000000e087e228,0x00000000e0880000)
  to   space 18944K, 0% used [0x00000000de680000,0x00000000de680000,0x00000000df900000)
 ParOldGen       total 69632K, used 31119K [0x0000000081600000, 0x0000000085a00000, 0x00000000d5d00000)
  object space 69632K, 44% used [0x0000000081600000,0x0000000083463e88,0x0000000085a00000)
 Metaspace       used 24003K, capacity 24620K, committed 24752K, reserved 1071104K
  class space    used 2794K, capacity 2967K, committed 2992K, reserved 1048576K
Event: 24.726 GC heap after
Heap after GC invocations=18 (full 1):
 PSYoungGen      total 159744K, used 18929K [0x00000000d5d00000, 0x00000000e4180000, 0x0000000100000000)
  eden space 140800K, 0% used [0x00000000d5d00000,0x00000000d5d00000,0x00000000de680000)
  from space 18944K, 99% used [0x00000000de680000,0x00000000df8fc748,0x00000000df900000)
  to   space 23040K, 0% used [0x00000000e2b00000,0x00000000e2b00000,0x00000000e4180000)
 ParOldGen       total 69632K, used 36058K [0x0000000081600000, 0x0000000085a00000, 0x00000000d5d00000)
  object space 69632K, 51% used [0x0000000081600000,0x0000000083936a98,0x0000000085a00000)
 Metaspace       used 24003K, capacity 24620K, committed 24752K, reserved 1071104K
  class space    used 2794K, capacity 2967K, committed 2992K, reserved 1048576K
}
Event: 26.389 GC heap before
{Heap before GC invocations=19 (full 1):
 PSYoungGen      total 159744K, used 159729K [0x00000000d5d00000, 0x00000000e4180000, 0x0000000100000000)
  eden space 140800K, 100% used [0x00000000d5d00000,0x00000000de680000,0x00000000de680000)
  from space 18944K, 99% used [0x00000000de680000,0x00000000df8fc748,0x00000000df900000)
  to   space 23040K, 0% used [0x00000000e2b00000,0x00000000e2b00000,0x00000000e4180000)
 ParOldGen       total 69632K, used 36058K [0x0000000081600000, 0x0000000085a00000, 0x00000000d5d00000)
  object space 69632K, 51% used [0x0000000081600000,0x0000000083936a98,0x0000000085a00000)
 Metaspace       used 24013K, capacity 24630K, committed 24752K, reserved 1071104K
  class space    used 2795K, capacity 2969K, committed 2992K, reserved 1048576K
Event: 26.456 GC heap after
Heap after GC invocations=19 (full 1):
 PSYoungGen      total 207872K, used 22933K [0x00000000d5d00000, 0x00000000e4780000, 0x0000000100000000)
  eden space 184832K, 0% used [0x00000000d5d00000,0x00000000d5d00000,0x00000000e1180000)
  from space 23040K, 99% used [0x00000000e2b00000,0x00000000e41654f0,0x00000000e4180000)
  to   space 26112K, 0% used [0x00000000e1180000,0x00000000e1180000,0x00000000e2b00000)
 ParOldGen       total 69632K, used 39239K [0x0000000081600000, 0x0000000085a00000, 0x00000000d5d00000)
  object space 69632K, 56% used [0x0000000081600000,0x0000000083c51fe8,0x0000000085a00000)
 Metaspace       used 24013K, capacity 24630K, committed 24752K, reserved 1071104K
  class space    used 2795K, capacity 2969K, committed 2992K, reserved 1048576K
}
Event: 32.191 GC heap before
{Heap before GC invocations=20 (full 1):
 PSYoungGen      total 207872K, used 136900K [0x00000000d5d00000, 0x00000000e4780000, 0x0000000100000000)
  eden space 184832K, 61% used [0x00000000d5d00000,0x00000000dcc4bb10,0x00000000e1180000)
  from space 23040K, 99% used [0x00000000e2b00000,0x00000000e41654f0,0x00000000e4180000)
  to   space 26112K, 0% used [0x00000000e1180000,0x00000000e1180000,0x00000000e2b00000)
 ParOldGen       total 69632K, used 39239K [0x0000000081600000, 0x0000000085a00000, 0x00000000d5d00000)
  object space 69632K, 56% used [0x0000000081600000,0x0000000083c51fe8,0x0000000085a00000)
 Metaspace       used 34402K, capacity 35118K, committed 35496K, reserved 1081344K
  class space    used 4079K, capacity 4267K, committed 4272K, reserved 1048576K
Event: 32.240 GC heap after
Heap after GC invocations=20 (full 1):
 PSYoungGen      total 210944K, used 11751K [0x00000000d5d00000, 0x00000000e7c80000, 0x0000000100000000)
  eden space 184832K, 0% used [0x00000000d5d00000,0x00000000d5d00000,0x00000000e1180000)
  from space 26112K, 45% used [0x00000000e1180000,0x00000000e1cf9fe0,0x00000000e2b00000)
  to   space 25088K, 0% used [0x00000000e6400000,0x00000000e6400000,0x00000000e7c80000)
 ParOldGen       total 69632K, used 44143K [0x0000000081600000, 0x0000000085a00000, 0x00000000d5d00000)
  object space 69632K, 63% used [0x0000000081600000,0x000000008411bea8,0x0000000085a00000)
 Metaspace       used 34402K, capacity 35118K, committed 35496K, reserved 1081344K
  class space    used 4079K, capacity 4267K, committed 4272K, reserved 1048576K
}
Event: 32.240 GC heap before
{Heap before GC invocations=21 (full 2):
 PSYoungGen      total 210944K, used 11751K [0x00000000d5d00000, 0x00000000e7c80000, 0x0000000100000000)
  eden space 184832K, 0% used [0x00000000d5d00000,0x00000000d5d00000,0x00000000e1180000)
  from space 26112K, 45% used [0x00000000e1180000,0x00000000e1cf9fe0,0x00000000e2b00000)
  to   space 25088K, 0% used [0x00000000e6400000,0x00000000e6400000,0x00000000e7c80000)
 ParOldGen       total 69632K, used 44143K [0x0000000081600000, 0x0000000085a00000, 0x00000000d5d00000)
  object space 69632K, 63% used [0x0000000081600000,0x000000008411bea8,0x0000000085a00000)
 Metaspace       used 34402K, capacity 35118K, committed 35496K, reserved 1081344K
  class space    used 4079K, capacity 4267K, committed 4272K, reserved 1048576K
Event: 32.449 GC heap after
Heap after GC invocations=21 (full 2):
 PSYoungGen      total 210944K, used 0K [0x00000000d5d00000, 0x00000000e7c80000, 0x0000000100000000)
  eden space 184832K, 0% used [0x00000000d5d00000,0x00000000d5d00000,0x00000000e1180000)
  from space 26112K, 0% used [0x00000000e1180000,0x00000000e1180000,0x00000000e2b00000)
  to   space 25088K, 0% used [0x00000000e6400000,0x00000000e6400000,0x00000000e7c80000)
 ParOldGen       total 105472K, used 36799K [0x0000000081600000, 0x0000000087d00000, 0x00000000d5d00000)
  object space 105472K, 34% used [0x0000000081600000,0x00000000839efcf8,0x0000000087d00000)
 Metaspace       used 34402K, capacity 35118K, committed 35496K, reserved 1081344K
  class space    used 4079K, capacity 4267K, committed 4272K, reserved 1048576K
}
Event: 36.250 GC heap before
{Heap before GC invocations=22 (full 2):
 PSYoungGen      total 210944K, used 184832K [0x00000000d5d00000, 0x00000000e7c80000, 0x0000000100000000)
  eden space 184832K, 100% used [0x00000000d5d00000,0x00000000e1180000,0x00000000e1180000)
  from space 26112K, 0% used [0x00000000e1180000,0x00000000e1180000,0x00000000e2b00000)
  to   space 25088K, 0% used [0x00000000e6400000,0x00000000e6400000,0x00000000e7c80000)
 ParOldGen       total 105472K, used 36799K [0x0000000081600000, 0x0000000087d00000, 0x00000000d5d00000)
  object space 105472K, 34% used [0x0000000081600000,0x00000000839efcf8,0x0000000087d00000)
 Metaspace       used 38753K, capacity 39492K, committed 39848K, reserved 1085440K
  class space    used 4538K, capacity 4756K, committed 4784K, reserved 1048576K
Event: 36.272 GC heap after
Heap after GC invocations=22 (full 2):
 PSYoungGen      total 254976K, used 9160K [0x00000000d5d00000, 0x00000000e7480000, 0x0000000100000000)
  eden space 238080K, 0% used [0x00000000d5d00000,0x00000000d5d00000,0x00000000e4580000)
  from space 16896K, 54% used [0x00000000e6400000,0x00000000e6cf21c0,0x00000000e7480000)
  to   space 24064K, 0% used [0x00000000e4580000,0x00000000e4580000,0x00000000e5d00000)
 ParOldGen       total 105472K, used 36807K [0x0000000081600000, 0x0000000087d00000, 0x00000000d5d00000)
  object space 105472K, 34% used [0x0000000081600000,0x00000000839f1cf8,0x0000000087d00000)
 Metaspace       used 38753K, capacity 39492K, committed 39848K, reserved 1085440K
  class space    used 4538K, capacity 4756K, committed 4784K, reserved 1048576K
}

